# JRE version: OpenJDK Runtime Environment Corretto-17.0.14.7.1 (17.0.14+7) (build 17.0.14+7-LTS)
# Java VM: OpenJDK 64-Bit Server VM Corretto-17.0.14.7.1 (17.0.14+7-LTS, mixed mode, emulated-client, sharing, tiered, compressed oops, compressed class ptrs, g1 gc, linux-amd64)
GC Precious Log:
 CPUs: 4 total, 4 available
 Memory: 15750M
 Large Page Support: Disabled
 NUMA Support: Disabled
 Compressed Oops: Enabled (Zero based)
 Heap Region Size: 2M
 Heap Min Capacity: 8M
 Heap Initial Capacity: 248M
 Heap Max Capacity: 3938M
 Pre-touch: Disabled
 Parallel Workers: 4
 Concurrent Workers: 1
 Concurrent Refinement Workers: 4
 Periodic GC: Disabled
Heap:
 garbage-first heap   total 387072K, used 202926K [0x0000000709e00000, 0x0000000800000000)
  region size 2048K, 4 young (8192K), 3 survivors (6144K)
 Metaspace       used 79256K, committed 79872K, reserved 1179648K
  class space    used 11045K, committed 11328K, reserved 1048576K
GC Heap History (20 events):
Event: 2.352 GC heap before
{Heap before GC invocations=10 (full 0):
 garbage-first heap   total 116736K, used 33949K [0x0000000709e00000, 0x0000000800000000)
  region size 2048K, 6 young (12288K), 3 survivors (6144K)
 Metaspace       used 43684K, committed 44096K, reserved 1114112K
  class space    used 6223K, committed 6400K, reserved 1048576K
}
Event: 2.355 GC heap after
{Heap after GC invocations=11 (full 0):
 garbage-first heap   total 116736K, used 30244K [0x0000000709e00000, 0x0000000800000000)
  region size 2048K, 3 young (6144K), 3 survivors (6144K)
 Metaspace       used 43684K, committed 44096K, reserved 1114112K
  class space    used 6223K, committed 6400K, reserved 1048576K
}
Event: 2.818 GC heap before
{Heap before GC invocations=12 (full 0):
 garbage-first heap   total 116736K, used 85540K [0x0000000709e00000, 0x0000000800000000)
  region size 2048K, 30 young (61440K), 3 survivors (6144K)
 Metaspace       used 55051K, committed 55552K, reserved 1114112K
  class space    used 7986K, committed 8256K, reserved 1048576K
}
Event: 2.823 GC heap after
{Heap after GC invocations=13 (full 0):
 garbage-first heap   total 116736K, used 32427K [0x0000000709e00000, 0x0000000800000000)
  region size 2048K, 3 young (6144K), 3 survivors (6144K)
 Metaspace       used 55051K, committed 55552K, reserved 1114112K
  class space    used 7986K, committed 8256K, reserved 1048576K
}
Event: 3.274 GC heap before
{Heap before GC invocations=14 (full 0):
 garbage-first heap   total 116736K, used 85675K [0x0000000709e00000, 0x0000000800000000)
  region size 2048K, 30 young (61440K), 3 survivors (6144K)
 Metaspace       used 65434K, committed 65984K, reserved 1114112K
  class space    used 9291K, committed 9600K, reserved 1048576K
}
Event: 3.280 GC heap after
{Heap after GC invocations=15 (full 0):
 garbage-first heap   total 116736K, used 36470K [0x0000000709e00000, 0x0000000800000000)
  region size 2048K, 4 young (8192K), 4 survivors (8192K)
 Metaspace       used 65434K, committed 65984K, reserved 1114112K
  class space    used 9291K, committed 9600K, reserved 1048576K
}
Event: 3.739 GC heap before
{Heap before GC invocations=15 (full 0):
 garbage-first heap   total 116736K, used 87670K [0x0000000709e00000, 0x0000000800000000)
  region size 2048K, 29 young (59392K), 4 survivors (8192K)
 Metaspace       used 70435K, committed 71040K, reserved 1114112K
  class space    used 10011K, committed 10304K, reserved 1048576K
}
Event: 3.748 GC heap after
{Heap after GC invocations=16 (full 0):
 garbage-first heap   total 116736K, used 41398K [0x0000000709e00000, 0x0000000800000000)
  region size 2048K, 3 young (6144K), 3 survivors (6144K)
 Metaspace       used 70435K, committed 71040K, reserved 1114112K
  class space    used 10011K, committed 10304K, reserved 1048576K
}
Event: 15.878 GC heap before
{Heap before GC invocations=16 (full 0):
 garbage-first heap   total 116736K, used 55734K [0x0000000709e00000, 0x0000000800000000)
  region size 2048K, 12 young (24576K), 3 survivors (6144K)
 Metaspace       used 73780K, committed 74368K, reserved 1114112K
  class space    used 10404K, committed 10688K, reserved 1048576K
}
Event: 15.885 GC heap after
{Heap after GC invocations=17 (full 0):
 garbage-first heap   total 116736K, used 42922K [0x0000000709e00000, 0x0000000800000000)
  region size 2048K, 2 young (4096K), 2 survivors (4096K)
 Metaspace       used 73780K, committed 74368K, reserved 1114112K
  class space    used 10404K, committed 10688K, reserved 1048576K
}
Event: 15.888 GC heap before
{Heap before GC invocations=17 (full 0):
 garbage-first heap   total 116736K, used 77738K [0x0000000709e00000, 0x0000000800000000)
  region size 2048K, 3 young (6144K), 2 survivors (4096K)
 Metaspace       used 73783K, committed 74368K, reserved 1114112K
  class space    used 10404K, committed 10688K, reserved 1048576K
}
Event: 15.891 GC heap after
{Heap after GC invocations=18 (full 0):
 garbage-first heap   total 116736K, used 77354K [0x0000000709e00000, 0x0000000800000000)
  region size 2048K, 1 young (2048K), 1 survivors (2048K)
 Metaspace       used 73783K, committed 74368K, reserved 1114112K
  class space    used 10404K, committed 10688K, reserved 1048576K
}
Event: 15.893 GC heap before
{Heap before GC invocations=18 (full 0):
 garbage-first heap   total 116736K, used 77354K [0x0000000709e00000, 0x0000000800000000)
  region size 2048K, 1 young (2048K), 1 survivors (2048K)
 Metaspace       used 73783K, committed 74368K, reserved 1114112K
  class space    used 10404K, committed 10688K, reserved 1048576K
}
Event: 15.898 GC heap after
{Heap after GC invocations=19 (full 0):
 garbage-first heap   total 233472K, used 77259K [0x0000000709e00000, 0x0000000800000000)
  region size 2048K, 1 young (2048K), 1 survivors (2048K)
 Metaspace       used 73783K, committed 74368K, reserved 1114112K
  class space    used 10404K, committed 10688K, reserved 1048576K
}
Event: 16.317 GC heap before
{Heap before GC invocations=20 (full 0):
 garbage-first heap   total 256000K, used 218571K [0x0000000709e00000, 0x0000000800000000)
  region size 2048K, 20 young (40960K), 1 survivors (2048K)
 Metaspace       used 76988K, committed 77632K, reserved 1179648K
  class space    used 10783K, committed 11136K, reserved 1048576K
}
Event: 16.333 GC heap after
{Heap after GC invocations=21 (full 0):
 garbage-first heap   total 256000K, used 192916K [0x0000000709e00000, 0x0000000800000000)
  region size 2048K, 6 young (12288K), 6 survivors (12288K)
 Metaspace       used 76988K, committed 77632K, reserved 1179648K
  class space    used 10783K, committed 11136K, reserved 1048576K
}
Event: 17.108 GC heap before
{Heap before GC invocations=22 (full 0):
 garbage-first heap   total 337920K, used 201108K [0x0000000709e00000, 0x0000000800000000)
  region size 2048K, 11 young (22528K), 6 survivors (12288K)
 Metaspace       used 78491K, committed 79104K, reserved 1179648K
  class space    used 10968K, committed 11264K, reserved 1048576K
}
Event: 17.117 GC heap after
{Heap after GC invocations=23 (full 0):
 garbage-first heap   total 337920K, used 196602K [0x0000000709e00000, 0x0000000800000000)
  region size 2048K, 1 young (2048K), 1 survivors (2048K)
 Metaspace       used 78491K, committed 79104K, reserved 1179648K
  class space    used 10968K, committed 11264K, reserved 1048576K
}
Event: 17.238 GC heap before
{Heap before GC invocations=24 (full 0):
 garbage-first heap   total 387072K, used 237562K [0x0000000709e00000, 0x0000000800000000)
  region size 2048K, 15 young (30720K), 1 survivors (2048K)
 Metaspace       used 79253K, committed 79872K, reserved 1179648K
  class space    used 11045K, committed 11328K, reserved 1048576K
}
Event: 17.247 GC heap after
{Heap after GC invocations=25 (full 0):
 garbage-first heap   total 387072K, used 166062K [0x0000000709e00000, 0x0000000800000000)
  region size 2048K, 3 young (6144K), 3 survivors (6144K)
 Metaspace       used 79253K, committed 79872K, reserved 1179648K
  class space    used 11045K, committed 11328K, reserved 1048576K
}

