# JRE version: OpenJDK Runtime Environment Corretto-17.0.14.7.1 (17.0.14+7) (build 17.0.14+7-LTS)
# Java VM: OpenJDK 64-Bit Server VM Corretto-17.0.14.7.1 (17.0.14+7-LTS, mixed mode, emulated-client, sharing, tiered, compressed oops, compressed class ptrs, g1 gc, linux-amd64)
GC Precious Log:
 CPUs: 4 total, 4 available
 Memory: 15750M
 Large Page Support: Disabled
 NUMA Support: Disabled
 Compressed Oops: Enabled (Zero based)
 Heap Region Size: 2M
 Heap Min Capacity: 8M
 Heap Initial Capacity: 248M
 Heap Max Capacity: 3938M
 Pre-touch: Disabled
 Parallel Workers: 4
 Concurrent Workers: 1
 Concurrent Refinement Workers: 4
 Periodic GC: Disabled
Heap:
 garbage-first heap   total 417792K, used 348768K [0x0000000709e00000, 0x0000000800000000)
  region size 2048K, 26 young (53248K), 3 survivors (6144K)
 Metaspace       used 85491K, committed 86080K, reserved 1179648K
  class space    used 11933K, committed 12160K, reserved 1048576K
GC Heap History (20 events):
Event: 3.040 GC heap before
{Heap before GC invocations=11 (full 0):
 garbage-first heap   total 102400K, used 70593K [0x0000000709e00000, 0x0000000800000000)
  region size 2048K, 23 young (47104K), 2 survivors (4096K)
 Metaspace       used 52996K, committed 53440K, reserved 1114112K
  class space    used 7582K, committed 7808K, reserved 1048576K
}
Event: 3.045 GC heap after
{Heap after GC invocations=12 (full 0):
 garbage-first heap   total 102400K, used 31398K [0x0000000709e00000, 0x0000000800000000)
  region size 2048K, 3 young (6144K), 3 survivors (6144K)
 Metaspace       used 52996K, committed 53440K, reserved 1114112K
  class space    used 7582K, committed 7808K, reserved 1048576K
}
Event: 3.449 GC heap before
{Heap before GC invocations=13 (full 0):
 garbage-first heap   total 102400K, used 74406K [0x0000000709e00000, 0x0000000800000000)
  region size 2048K, 24 young (49152K), 3 survivors (6144K)
 Metaspace       used 61112K, committed 61696K, reserved 1114112K
  class space    used 8708K, committed 9024K, reserved 1048576K
}
Event: 3.455 GC heap after
{Heap after GC invocations=14 (full 0):
 garbage-first heap   total 102400K, used 33556K [0x0000000709e00000, 0x0000000800000000)
  region size 2048K, 3 young (6144K), 3 survivors (6144K)
 Metaspace       used 61112K, committed 61696K, reserved 1114112K
  class space    used 8708K, committed 9024K, reserved 1048576K
}
Event: 3.783 GC heap before
{Heap before GC invocations=14 (full 0):
 garbage-first heap   total 102400K, used 74516K [0x0000000709e00000, 0x0000000800000000)
  region size 2048K, 23 young (47104K), 3 survivors (6144K)
 Metaspace       used 66588K, committed 67200K, reserved 1114112K
  class space    used 9445K, committed 9728K, reserved 1048576K
}
Event: 3.793 GC heap after
{Heap after GC invocations=15 (full 0):
 garbage-first heap   total 102400K, used 37235K [0x0000000709e00000, 0x0000000800000000)
  region size 2048K, 3 young (6144K), 3 survivors (6144K)
 Metaspace       used 66588K, committed 67200K, reserved 1114112K
  class space    used 9445K, committed 9728K, reserved 1048576K
}
Event: 4.202 GC heap before
{Heap before GC invocations=15 (full 0):
 garbage-first heap   total 102400K, used 76147K [0x0000000709e00000, 0x0000000800000000)
  region size 2048K, 22 young (45056K), 3 survivors (6144K)
 Metaspace       used 70756K, committed 71296K, reserved 1114112K
  class space    used 10044K, committed 10304K, reserved 1048576K
}
Event: 4.210 GC heap after
{Heap after GC invocations=16 (full 0):
 garbage-first heap   total 122880K, used 41114K [0x0000000709e00000, 0x0000000800000000)
  region size 2048K, 3 young (6144K), 3 survivors (6144K)
 Metaspace       used 70756K, committed 71296K, reserved 1114112K
  class space    used 10044K, committed 10304K, reserved 1048576K
}
Event: 26.425 GC heap before
{Heap before GC invocations=16 (full 0):
 garbage-first heap   total 122880K, used 86170K [0x0000000709e00000, 0x0000000800000000)
  region size 2048K, 26 young (53248K), 3 survivors (6144K)
 Metaspace       used 78624K, committed 79296K, reserved 1179648K
  class space    used 11148K, committed 11456K, reserved 1048576K
}
Event: 26.433 GC heap after
{Heap after GC invocations=17 (full 0):
 garbage-first heap   total 122880K, used 43973K [0x0000000709e00000, 0x0000000800000000)
  region size 2048K, 4 young (8192K), 4 survivors (8192K)
 Metaspace       used 78624K, committed 79296K, reserved 1179648K
  class space    used 11148K, committed 11456K, reserved 1048576K
}
Event: 83.912 GC heap before
{Heap before GC invocations=17 (full 0):
 garbage-first heap   total 122880K, used 50117K [0x0000000709e00000, 0x0000000800000000)
  region size 2048K, 9 young (18432K), 4 survivors (8192K)
 Metaspace       used 80485K, committed 81216K, reserved 1179648K
  class space    used 11363K, committed 11712K, reserved 1048576K
}
Event: 83.917 GC heap after
{Heap after GC invocations=18 (full 0):
 garbage-first heap   total 122880K, used 46135K [0x0000000709e00000, 0x0000000800000000)
  region size 2048K, 3 young (6144K), 3 survivors (6144K)
 Metaspace       used 80485K, committed 81216K, reserved 1179648K
  class space    used 11363K, committed 11712K, reserved 1048576K
}
Event: 83.921 GC heap before
{Heap before GC invocations=18 (full 0):
 garbage-first heap   total 122880K, used 80951K [0x0000000709e00000, 0x0000000800000000)
  region size 2048K, 4 young (8192K), 3 survivors (6144K)
 Metaspace       used 80505K, committed 81216K, reserved 1179648K
  class space    used 11364K, committed 11712K, reserved 1048576K
}
Event: 83.926 GC heap after
{Heap after GC invocations=19 (full 0):
 garbage-first heap   total 122880K, used 80311K [0x0000000709e00000, 0x0000000800000000)
  region size 2048K, 1 young (2048K), 1 survivors (2048K)
 Metaspace       used 80505K, committed 81216K, reserved 1179648K
  class space    used 11364K, committed 11712K, reserved 1048576K
}
Event: 84.301 GC heap before
{Heap before GC invocations=20 (full 0):
 garbage-first heap   total 325632K, used 235959K [0x0000000709e00000, 0x0000000800000000)
  region size 2048K, 9 young (18432K), 1 survivors (2048K)
 Metaspace       used 82619K, committed 83200K, reserved 1179648K
  class space    used 11593K, committed 11840K, reserved 1048576K
}
Event: 84.308 GC heap after
{Heap after GC invocations=21 (full 0):
 garbage-first heap   total 325632K, used 226321K [0x0000000709e00000, 0x0000000800000000)
  region size 2048K, 2 young (4096K), 2 survivors (4096K)
 Metaspace       used 82619K, committed 83200K, reserved 1179648K
  class space    used 11593K, committed 11840K, reserved 1048576K
}
Event: 84.348 GC heap before
{Heap before GC invocations=21 (full 0):
 garbage-first heap   total 325632K, used 236561K [0x0000000709e00000, 0x0000000800000000)
  region size 2048K, 7 young (14336K), 2 survivors (4096K)
 Metaspace       used 82866K, committed 83392K, reserved 1179648K
  class space    used 11624K, committed 11840K, reserved 1048576K
}
Event: 84.353 GC heap after
{Heap after GC invocations=22 (full 0):
 garbage-first heap   total 325632K, used 193613K [0x0000000709e00000, 0x0000000800000000)
  region size 2048K, 1 young (2048K), 1 survivors (2048K)
 Metaspace       used 82866K, committed 83392K, reserved 1179648K
  class space    used 11624K, committed 11840K, reserved 1048576K
}
Event: 84.453 GC heap before
{Heap before GC invocations=22 (full 0):
 garbage-first heap   total 325632K, used 209997K [0x0000000709e00000, 0x0000000800000000)
  region size 2048K, 11 young (22528K), 1 survivors (2048K)
 Metaspace       used 83426K, committed 84032K, reserved 1179648K
  class space    used 11698K, committed 11968K, reserved 1048576K
}
Event: 84.461 GC heap after
{Heap after GC invocations=23 (full 0):
 garbage-first heap   total 325632K, used 197216K [0x0000000709e00000, 0x0000000800000000)
  region size 2048K, 3 young (6144K), 3 survivors (6144K)
 Metaspace       used 83426K, committed 84032K, reserved 1179648K
  class space    used 11698K, committed 11968K, reserved 1048576K
}

