# JRE version: OpenJDK Runtime Environment Corretto-17.0.14.7.1 (17.0.14+7) (build 17.0.14+7-LTS)
# Java VM: OpenJDK 64-Bit Server VM Corretto-17.0.14.7.1 (17.0.14+7-LTS, mixed mode, emulated-client, sharing, tiered, compressed oops, compressed class ptrs, g1 gc, linux-amd64)
GC Precious Log:
 CPUs: 4 total, 4 available
 Memory: 15750M
 Large Page Support: Disabled
 NUMA Support: Disabled
 Compressed Oops: Enabled (Zero based)
 Heap Region Size: 2M
 Heap Min Capacity: 8M
 Heap Initial Capacity: 248M
 Heap Max Capacity: 3938M
 Pre-touch: Disabled
 Parallel Workers: 4
 Concurrent Workers: 1
 Concurrent Refinement Workers: 4
 Periodic GC: Disabled
Heap:
 garbage-first heap   total 274432K, used 167926K [0x0000000709e00000, 0x0000000800000000)
  region size 2048K, 1 young (2048K), 0 survivors (0K)
 Metaspace       used 80122K, committed 81152K, reserved 1179648K
  class space    used 11228K, committed 11648K, reserved 1048576K
GC Heap History (20 events):
Event: 1.782 GC heap before
{Heap before GC invocations=8 (full 0):
 garbage-first heap   total 90112K, used 57950K [0x0000000709e00000, 0x0000000800000000)
  region size 2048K, 19 young (38912K), 1 survivors (2048K)
 Metaspace       used 29732K, committed 30208K, reserved 1114112K
  class space    used 4162K, committed 4416K, reserved 1048576K
}
Event: 1.790 GC heap after
{Heap after GC invocations=9 (full 0):
 garbage-first heap   total 90112K, used 24365K [0x0000000709e00000, 0x0000000800000000)
  region size 2048K, 2 young (4096K), 2 survivors (4096K)
 Metaspace       used 29732K, committed 30208K, reserved 1114112K
  class space    used 4162K, committed 4416K, reserved 1048576K
}
Event: 2.110 GC heap before
{Heap before GC invocations=10 (full 0):
 garbage-first heap   total 90112K, used 59181K [0x0000000709e00000, 0x0000000800000000)
  region size 2048K, 20 young (40960K), 2 survivors (4096K)
 Metaspace       used 34447K, committed 34880K, reserved 1114112K
  class space    used 4846K, committed 5056K, reserved 1048576K
}
Event: 2.115 GC heap after
{Heap after GC invocations=11 (full 0):
 garbage-first heap   total 90112K, used 27045K [0x0000000709e00000, 0x0000000800000000)
  region size 2048K, 3 young (6144K), 3 survivors (6144K)
 Metaspace       used 34447K, committed 34880K, reserved 1114112K
  class space    used 4846K, committed 5056K, reserved 1048576K
}
Event: 2.408 GC heap before
{Heap before GC invocations=11 (full 0):
 garbage-first heap   total 90112K, used 63909K [0x0000000709e00000, 0x0000000800000000)
  region size 2048K, 21 young (43008K), 3 survivors (6144K)
 Metaspace       used 40478K, committed 40896K, reserved 1114112K
  class space    used 5803K, committed 6016K, reserved 1048576K
}
Event: 2.413 GC heap after
{Heap after GC invocations=12 (full 0):
 garbage-first heap   total 90112K, used 28605K [0x0000000709e00000, 0x0000000800000000)
  region size 2048K, 3 young (6144K), 3 survivors (6144K)
 Metaspace       used 40478K, committed 40896K, reserved 1114112K
  class space    used 5803K, committed 6016K, reserved 1048576K
}
Event: 2.744 GC heap before
{Heap before GC invocations=12 (full 0):
 garbage-first heap   total 90112K, used 65469K [0x0000000709e00000, 0x0000000800000000)
  region size 2048K, 21 young (43008K), 3 survivors (6144K)
 Metaspace       used 48546K, committed 49024K, reserved 1114112K
  class space    used 6889K, committed 7104K, reserved 1048576K
}
Event: 2.749 GC heap after
{Heap after GC invocations=13 (full 0):
 garbage-first heap   total 180224K, used 30324K [0x0000000709e00000, 0x0000000800000000)
  region size 2048K, 2 young (4096K), 2 survivors (4096K)
 Metaspace       used 48546K, committed 49024K, reserved 1114112K
  class space    used 6889K, committed 7104K, reserved 1048576K
}
Event: 2.847 GC heap before
{Heap before GC invocations=13 (full 0):
 garbage-first heap   total 180224K, used 38516K [0x0000000709e00000, 0x0000000800000000)
  region size 2048K, 7 young (14336K), 2 survivors (4096K)
 Metaspace       used 50239K, committed 50688K, reserved 1114112K
  class space    used 7121K, committed 7360K, reserved 1048576K
}
Event: 2.850 GC heap after
{Heap after GC invocations=14 (full 0):
 garbage-first heap   total 180224K, used 30768K [0x0000000709e00000, 0x0000000800000000)
  region size 2048K, 2 young (4096K), 2 survivors (4096K)
 Metaspace       used 50239K, committed 50688K, reserved 1114112K
  class space    used 7121K, committed 7360K, reserved 1048576K
}
Event: 3.512 GC heap before
{Heap before GC invocations=15 (full 0):
 garbage-first heap   total 131072K, used 102448K [0x0000000709e00000, 0x0000000800000000)
  region size 2048K, 38 young (77824K), 2 survivors (4096K)
 Metaspace       used 65048K, committed 65600K, reserved 1114112K
  class space    used 9209K, committed 9472K, reserved 1048576K
}
Event: 3.520 GC heap after
{Heap after GC invocations=16 (full 0):
 garbage-first heap   total 131072K, used 35389K [0x0000000709e00000, 0x0000000800000000)
  region size 2048K, 5 young (10240K), 5 survivors (10240K)
 Metaspace       used 65048K, committed 65600K, reserved 1114112K
  class space    used 9209K, committed 9472K, reserved 1048576K
}
Event: 38.250 GC heap before
{Heap before GC invocations=17 (full 0):
 garbage-first heap   total 131072K, used 98877K [0x0000000709e00000, 0x0000000800000000)
  region size 2048K, 36 young (73728K), 5 survivors (10240K)
 Metaspace       used 71382K, committed 72000K, reserved 1114112K
  class space    used 10142K, committed 10432K, reserved 1048576K
}
Event: 38.268 GC heap after
{Heap after GC invocations=18 (full 0):
 garbage-first heap   total 131072K, used 39900K [0x0000000709e00000, 0x0000000800000000)
  region size 2048K, 5 young (10240K), 5 survivors (10240K)
 Metaspace       used 71382K, committed 72000K, reserved 1114112K
  class space    used 10142K, committed 10432K, reserved 1048576K
}
Event: 59.092 GC heap before
{Heap before GC invocations=18 (full 0):
 garbage-first heap   total 131072K, used 76764K [0x0000000709e00000, 0x0000000800000000)
  region size 2048K, 25 young (51200K), 5 survivors (10240K)
 Metaspace       used 76465K, committed 77184K, reserved 1179648K
  class space    used 10848K, committed 11200K, reserved 1048576K
}
Event: 59.104 GC heap after
{Heap after GC invocations=19 (full 0):
 garbage-first heap   total 131072K, used 45690K [0x0000000709e00000, 0x0000000800000000)
  region size 2048K, 5 young (10240K), 5 survivors (10240K)
 Metaspace       used 76465K, committed 77184K, reserved 1179648K
  class space    used 10848K, committed 11200K, reserved 1048576K
}
Event: 59.493 GC heap before
{Heap before GC invocations=19 (full 0):
 garbage-first heap   total 131072K, used 105082K [0x0000000709e00000, 0x0000000800000000)
  region size 2048K, 18 young (36864K), 5 survivors (10240K)
 Metaspace       used 80364K, committed 81088K, reserved 1179648K
  class space    used 11287K, committed 11648K, reserved 1048576K
}
Event: 59.505 GC heap after
{Heap after GC invocations=20 (full 0):
 garbage-first heap   total 131072K, used 87826K [0x0000000709e00000, 0x0000000800000000)
  region size 2048K, 4 young (8192K), 4 survivors (8192K)
 Metaspace       used 80364K, committed 81088K, reserved 1179648K
  class space    used 11287K, committed 11648K, reserved 1048576K
}
Event: 59.513 GC heap before
{Heap before GC invocations=20 (full 0):
 garbage-first heap   total 131072K, used 87826K [0x0000000709e00000, 0x0000000800000000)
  region size 2048K, 4 young (8192K), 4 survivors (8192K)
 Metaspace       used 80364K, committed 81088K, reserved 1179648K
  class space    used 11287K, committed 11648K, reserved 1048576K
}
Event: 59.518 GC heap after
{Heap after GC invocations=21 (full 0):
 garbage-first heap   total 131072K, used 88054K [0x0000000709e00000, 0x0000000800000000)
  region size 2048K, 0 young (0K), 0 survivors (0K)
 Metaspace       used 80364K, committed 81088K, reserved 1179648K
  class space    used 11287K, committed 11648K, reserved 1048576K
}

